    Time       Temperature    Yields       Rates 
1.000000e-04  3.199000e+02 0.000000e+00 0.000000e+00 
3.000000e-04  3.338000e+02 0.000000e+00 3.182741e-04 
7.000000e-04  3.615000e+02 1.909645e-07 2.835117e-03 
1.500000e-03  4.170000e+02 3.402141e-06 2.030059e-02 
2.500000e-03  4.864000e+02 3.673203e-05 1.060407e-01 
3.500000e-03  5.557000e+02 2.154835e-04 5.136197e-01 
4.500000e-03  6.251000e+02 1.063971e-03 2.007337e+00 
5.500000e-03  6.944000e+02 4.230157e-03 6.465654e+00 
6.500000e-03  7.638000e+02 1.399528e-02 1.733473e+01 
7.500000e-03  8.331000e+02 3.889962e-02 2.958222e+01 
7.874000e-03  8.591000e+02 5.464125e-02 4.457919e+01 
8.027000e-03  8.697000e+02 6.239286e-02 5.333903e+01 
8.181000e-03  8.803000e+02 7.101634e-02 5.886275e+01 
8.334000e-03  8.910000e+02 8.046372e-02 6.474721e+01 
8.487000e-03  9.016000e+02 9.082898e-02 7.084045e+01 
8.641000e-03  9.122000e+02 1.022117e-01 7.532374e+01 
8.710000e-03  9.170000e+02 1.076262e-01 7.990874e+01 
8.779000e-03  9.218000e+02 1.132391e-01 8.280201e+01 
8.848000e-03  9.266000e+02 1.190529e-01 8.570388e+01 
8.917000e-03  9.314000e+02 1.250663e-01 8.859320e+01 
8.986000e-03  9.362000e+02 1.312787e-01 9.147544e+01 
9.055000e-03  9.409000e+02 1.376899e-01 9.434099e+01 
9.124000e-03  9.457000e+02 1.442978e-01 9.718020e+01 
9.193000e-03  9.505000e+02 1.511008e-01 9.999170e+01 
9.262000e-03  9.553000e+02 1.580966e-01 1.027435e+02 
9.331000e-03  9.601000e+02 1.652794e-01 1.054252e+02 
9.400000e-03  9.649000e+02 1.726453e-01 1.080565e+02 
9.469000e-03  9.697000e+02 1.801912e-01 1.106402e+02 
9.538000e-03  9.745000e+02 1.879137e-01 1.131597e+02 
9.607000e-03  9.792000e+02 1.958072e-01 1.155427e+02 
9.676000e-03  9.840000e+02 2.038586e-01 1.177711e+02 
9.745000e-03  9.888000e+02 2.120596e-01 1.198872e+02 
9.814000e-03  9.936000e+02 2.204030e-01 1.218956e+02 
9.883000e-03  9.984000e+02 2.288812e-01 1.237749e+02 
9.952000e-03  1.003000e+03 2.374839e-01 1.254354e+02 
1.002000e-02  1.008000e+03 2.460659e-01 1.268941e+02 
1.009000e-02  1.013000e+03 2.549953e-01 1.281641e+02 
1.016000e-02  1.018000e+03 2.640088e-01 1.292761e+02 
1.023000e-02  1.022000e+03 2.730940e-01 1.302096e+02 
1.030000e-02  1.027000e+03 2.822382e-01 1.309642e+02 
1.037000e-02  1.032000e+03 2.914290e-01 1.315400e+02 
1.044000e-02  1.037000e+03 3.006538e-01 1.319188e+02 
1.050000e-02  1.041000e+03 3.085784e-01 1.321499e+02 
1.057000e-02  1.046000e+03 3.178333e-01 1.320030e+02 
1.064000e-02  1.051000e+03 3.270588e-01 1.307162e+02 
1.071000e-02  1.056000e+03 3.361335e-01 1.288170e+02 
1.078000e-02  1.061000e+03 3.450932e-01 1.275877e+02 
1.085000e-02  1.065000e+03 3.539958e-01 1.264222e+02 
1.092000e-02  1.070000e+03 3.627923e-01 1.248565e+02 
1.099000e-02  1.075000e+03 3.714757e-01 1.232613e+02 
1.106000e-02  1.080000e+03 3.800489e-01 1.214473e+02 
1.113000e-02  1.085000e+03 3.884784e-01 1.195340e+02 
1.119000e-02  1.089000e+03 3.955883e-01 1.173946e+02 
1.126000e-02  1.094000e+03 4.037397e-01 1.151186e+02 
1.133000e-02  1.099000e+03 4.117049e-01 1.124396e+02 
1.140000e-02  1.104000e+03 4.194812e-01 1.080800e+02 
1.154000e-02  1.113000e+03 4.344017e-01 9.959845e+01 
1.182000e-02  1.132000e+03 4.613126e-01 8.121286e+01 
1.237000e-02  1.171000e+03 5.018084e-01 4.845921e+01 
1.337000e-02  1.240000e+03 5.364243e-01 2.077811e+01 
1.437000e-02  1.309000e+03 5.433646e-01 3.850245e+00 
1.537000e-02  1.379000e+03 5.441248e-01 4.026184e-01 
1.637000e-02  1.448000e+03 5.441698e-01 2.731086e-02 
1.737000e-02  1.517000e+03 5.441794e-01 4.820117e-03 
1.837000e-02  1.587000e+03 5.441795e-01 2.057863e-05 
1.937000e-02  1.656000e+03 5.441795e-01 3.358056e-06 
2.037000e-02  1.700000e+03 5.441795e-01 8.797775e-07 
2.137000e-02  1.700000e+03 5.441795e-01 -6.661338e-13 
2.237000e-02  1.700000e+03 5.441795e-01 0.000000e+00 
2.337000e-02  1.700000e+03 5.441795e-01 0.000000e+00 
2.437000e-02  1.700000e+03 5.441795e-01 0.000000e+00 
2.537000e-02  1.700000e+03 5.441795e-01 0.000000e+00 
2.637000e-02  1.700000e+03 5.441795e-01 0.000000e+00 
2.737000e-02  1.700000e+03 5.441795e-01 0.000000e+00 
2.837000e-02  1.700000e+03 5.441795e-01 0.000000e+00 
2.937000e-02  1.700000e+03 5.441795e-01 0.000000e+00 
3.037000e-02  1.700000e+03 5.441795e-01 0.000000e+00 
3.137000e-02  1.700000e+03 5.441795e-01 0.000000e+00 
3.237000e-02  1.700000e+03 5.441795e-01 0.000000e+00 
3.337000e-02  1.700000e+03 5.441795e-01 0.000000e+00 
3.437000e-02  1.700000e+03 5.441795e-01 0.000000e+00 
3.537000e-02  1.700000e+03 5.441795e-01 0.000000e+00 
3.637000e-02  1.700000e+03 5.441795e-01 0.000000e+00 
3.737000e-02  1.700000e+03 5.441795e-01 0.000000e+00 
3.837000e-02  1.700000e+03 5.441795e-01 0.000000e+00 
3.937000e-02  1.700000e+03 5.441795e-01 0.000000e+00 
4.037000e-02  1.700000e+03 5.441795e-01 0.000000e+00 
4.137000e-02  1.700000e+03 5.441795e-01 0.000000e+00 
4.237000e-02  1.700000e+03 5.441795e-01 0.000000e+00 
4.337000e-02  1.700000e+03 5.441795e-01 0.000000e+00 
4.437000e-02  1.700000e+03 5.441795e-01 0.000000e+00 
4.537000e-02  1.700000e+03 5.441795e-01 0.000000e+00 
4.637000e-02  1.700000e+03 5.441795e-01 0.000000e+00 
4.737000e-02  1.700000e+03 5.441795e-01 0.000000e+00 
4.837000e-02  1.700000e+03 5.441795e-01 0.000000e+00 
4.937000e-02  1.700000e+03 5.441795e-01 0.000000e+00 
5.037000e-02  1.700000e+03 5.441795e-01 0.000000e+00 
5.137000e-02  1.700000e+03 5.441795e-01 0.000000e+00 
5.237000e-02  1.700000e+03 5.441795e-01 0.000000e+00 
5.337000e-02  1.700000e+03 5.441795e-01 0.000000e+00 
5.437000e-02  1.700000e+03 5.441795e-01 0.000000e+00 
5.537000e-02  1.700000e+03 5.441795e-01 0.000000e+00 
5.637000e-02  1.700000e+03 5.441795e-01 0.000000e+00 
5.737000e-02  1.700000e+03 5.441795e-01 0.000000e+00 
5.837000e-02  1.700000e+03 5.441795e-01 0.000000e+00 
5.937000e-02  1.700000e+03 5.441795e-01 0.000000e+00 
