  Enter input file name:
  Enter output file name for tar and gas release:
  Enter output file name for CPD model parameters:
  Enter output file name for nitrogen release:
  Enter output file name for light gas distribution:
 rba=            Inf
 rba=  0.2445370    
 at time=  9.9999997E-05  dt changed to   1.9999999E-04
 Initial Fragment size distribution
 n   fraction      Cumul.   MW
            1  2.4171462E-02  2.4171462E-02   349.3315    
            2  6.7903372E-03  3.0961800E-02   698.6629    
            3  2.2901895E-03  3.3251990E-02   1047.994    
            4  8.5829559E-04  3.4110285E-02   1397.326    
            5  3.4378711E-04  3.4454074E-02   1746.657    
            6  1.4411999E-04  3.4598194E-02   2095.989    
            7  6.2447543E-05  3.4660641E-02   2445.320    
            8  2.7746215E-05  3.4688387E-02   2794.652    
            9  1.2572781E-05  3.4700960E-02   3143.983    
           10  5.7883844E-06  3.4706749E-02   3493.314    
           11  2.6997986E-06  3.4709450E-02   3842.646    
           12  1.2730619E-06  3.4710724E-02   4191.978    
           13  6.0588218E-07  3.4711331E-02   4541.309    
           14  2.9065549E-07  3.4711622E-02   4890.641    
           15  1.4040127E-07  3.4711763E-02   5239.972    
           16  6.8234471E-08  3.4711830E-02   5589.304    
           17  3.3340108E-08  3.4711864E-02   5938.635    
           18  1.6367983E-08  3.4711879E-02   6287.966    
           19  8.0699865E-09  3.4711886E-02   6637.297    
           20  3.9941797E-09  3.4711890E-02   6986.629    
 time(ms)      temp     fcross     labile    ftar    fgas   fsolid     ftot    fmet
  1.000E-01   3.199E+02  0.0000   0.52481  0.0000  0.0000  1.0000  0.0000  0.0347
 at time=  2.9999999E-04  dt changed to   3.9999999E-04
  3.000E-01   3.338E+02  0.0000   0.52481  0.0000  0.0000  1.0000  0.0000  0.0347
 at time=  6.9999998E-04  dt changed to   7.9999998E-04
  7.000E-01   3.615E+02  0.0000   0.52481  0.0000  0.0000  1.0000  0.0000  0.0347
  1.500E+00   4.170E+02  0.0000   0.52481  0.0000  0.0000  1.0000  0.0000  0.0347
  2.500E+00   4.864E+02  0.0000   0.52481  0.0000  0.0000  1.0000  0.0000  0.0347
  3.500E+00   5.557E+02  0.0000   0.52481  0.0000  0.0000  1.0000  0.0000  0.0347
  4.500E+00   6.251E+02  0.0000   0.52481  0.0000  0.0000  1.0000  0.0000  0.0347
 Weight Av. Molecular Wt.=   349.3217     Gas MW =   26.50000    
  5.500E+00   6.944E+02  0.0000   0.52474  0.0000  0.0000  0.9999  0.0001  0.0347
 Weight Av. Molecular Wt.=   349.0135     Gas MW =   26.50000    
  6.500E+00   7.638E+02  0.0000   0.52270  0.0045  0.0009  0.9947  0.0053  0.0307
 at time=  7.5000008E-03dt changed to   3.7387159E-04
 Weight Av. Molecular Wt.=   351.2806     Gas MW =   26.50000    
  7.500E+00   8.331E+02  0.0000   0.51270  0.0240  0.0047  0.9713  0.0287  0.0131
 at time=  7.8738723E-03dt changed to   1.5333464E-04
 Weight Av. Molecular Wt.=   354.7273     Gas MW =   26.50000    
  7.874E+00   8.591E+02  0.0000   0.50270  0.0272  0.0083  0.9645  0.0355  0.0121
 Weight Av. Molecular Wt.=   360.3985     Gas MW =   26.50000    
  8.027E+00   8.697E+02  0.0000   0.48996  0.0296  0.0136  0.9569  0.0431  0.0125
 Weight Av. Molecular Wt.=   365.8854     Gas MW =   26.50000    
  8.181E+00   8.803E+02  0.0000   0.47547  0.0322  0.0181  0.9497  0.0503  0.0134
 Weight Av. Molecular Wt.=   371.7099     Gas MW =   26.50000    
  8.334E+00   8.910E+02  0.0000   0.45872  0.0356  0.0227  0.9417  0.0583  0.0147
 Weight Av. Molecular Wt.=   377.7734     Gas MW =   26.50000    
  8.487E+00   9.016E+02  0.0000   0.43936  0.0397  0.0277  0.9326  0.0674  0.0163
 at time=  8.6405464E-03dt changed to   6.9029833E-05
 Weight Av. Molecular Wt.=   380.7343     Gas MW =   26.50000    
  8.641E+00   9.122E+02  0.0000   0.42936  0.0420  0.0300  0.9280  0.0720  0.0173
 Weight Av. Molecular Wt.=   383.9414     Gas MW =   26.50000    
  8.710E+00   9.170E+02  0.0000   0.41813  0.0447  0.0327  0.9226  0.0774  0.0185
 Weight Av. Molecular Wt.=   386.9843     Gas MW =   26.50000    
  8.779E+00   9.218E+02  0.0000   0.40633  0.0476  0.0354  0.9169  0.0831  0.0199
 Weight Av. Molecular Wt.=   389.8412     Gas MW =   26.50000    
  8.848E+00   9.266E+02  0.0000   0.39395  0.0509  0.0382  0.9109  0.0891  0.0215
 Weight Av. Molecular Wt.=   392.4858     Gas MW =   26.50000    
  8.917E+00   9.314E+02  0.0000   0.38102  0.0544  0.0411  0.9046  0.0954  0.0234
 Weight Av. Molecular Wt.=   394.9136     Gas MW =   26.50000    
  8.986E+00   9.362E+02  0.0000   0.36754  0.0582  0.0440  0.8979  0.1021  0.0257
 Weight Av. Molecular Wt.=   397.1250     Gas MW =   26.50000    
  9.055E+00   9.409E+02  0.0000   0.35352  0.0623  0.0469  0.8907  0.1093  0.0283
 Weight Av. Molecular Wt.=   399.1062     Gas MW =   26.50000    
  9.124E+00   9.457E+02  0.0000   0.33902  0.0668  0.0499  0.8832  0.1168  0.0314
 Weight Av. Molecular Wt.=   400.8609     Gas MW =   26.50000    
  9.193E+00   9.505E+02  0.0000   0.32406  0.0717  0.0530  0.8753  0.1247  0.0350
 Weight Av. Molecular Wt.=   402.3937     Gas MW =   26.50000    
  9.262E+00   9.553E+02  0.0000   0.30870  0.0769  0.0561  0.8671  0.1329  0.0392
 Weight Av. Molecular Wt.=   403.7172     Gas MW =   26.50000    
  9.331E+00   9.601E+02  0.0001   0.29301  0.0824  0.0591  0.8584  0.1416  0.0440
 Weight Av. Molecular Wt.=   405.1602     Gas MW =   26.50000    
  9.400E+00   9.649E+02  0.0001   0.27705  0.0884  0.0622  0.8494  0.1506  0.0495
 Weight Av. Molecular Wt.=   406.4091     Gas MW =   26.50000    
  9.469E+00   9.697E+02  0.0001   0.26090  0.0948  0.0652  0.8400  0.1600  0.0558
 Weight Av. Molecular Wt.=   407.4789     Gas MW =   26.50000    
  9.538E+00   9.745E+02  0.0001   0.24464  0.1016  0.0682  0.8303  0.1697  0.0629
 Weight Av. Molecular Wt.=   408.3824     Gas MW =   26.50000    
  9.607E+00   9.792E+02  0.0002   0.22837  0.1086  0.0711  0.8203  0.1797  0.0710
 Weight Av. Molecular Wt.=   409.1354     Gas MW =   26.50000    
  9.676E+00   9.840E+02  0.0002   0.21218  0.1160  0.0739  0.8100  0.1900  0.0799
 Weight Av. Molecular Wt.=   409.7555     Gas MW =   26.50000    
  9.745E+00   9.888E+02  0.0003   0.19616  0.1237  0.0767  0.7996  0.2004  0.0897
 Weight Av. Molecular Wt.=   410.2583     Gas MW =   26.50000    
  9.814E+00   9.936E+02  0.0004   0.18042  0.1316  0.0793  0.7891  0.2109  0.1003
 Weight Av. Molecular Wt.=   410.6570     Gas MW =   26.50000    
  9.883E+00   9.984E+02  0.0005   0.16505  0.1397  0.0818  0.7785  0.2215  0.1117
 Weight Av. Molecular Wt.=   410.9666     Gas MW =   26.50000    
  9.952E+00   1.003E+03  0.0007   0.15015  0.1479  0.0841  0.7680  0.2320  0.1237
 Weight Av. Molecular Wt.=   411.2025     Gas MW =   26.50000    
  1.002E+01   1.008E+03  0.0009   0.13580  0.1561  0.0864  0.7575  0.2425  0.1361
 Weight Av. Molecular Wt.=   411.3799     Gas MW =   26.50000    
  1.009E+01   1.013E+03  0.0011   0.12208  0.1643  0.0884  0.7472  0.2528  0.1488
 Weight Av. Molecular Wt.=   411.5186     Gas MW =   26.50000    
  1.016E+01   1.018E+03  0.0015   0.10905  0.1725  0.0904  0.7372  0.2628  0.1615
 Weight Av. Molecular Wt.=   411.6305     Gas MW =   26.50000    
  1.023E+01   1.022E+03  0.0019   0.09678  0.1805  0.0921  0.7274  0.2726  0.1739
 Weight Av. Molecular Wt.=   411.7307     Gas MW =   26.50000    
  1.030E+01   1.027E+03  0.0024   0.08531  0.1883  0.0938  0.7179  0.2821  0.1857
 Weight Av. Molecular Wt.=   411.8310     Gas MW =   26.50000    
  1.037E+01   1.032E+03  0.0031   0.07468  0.1958  0.0954  0.7088  0.2912  0.1969
 Weight Av. Molecular Wt.=   411.9460     Gas MW =   26.50000    
  1.044E+01   1.037E+03  0.0039   0.06491  0.2030  0.0968  0.7002  0.2998  0.2070
 Weight Av. Molecular Wt.=   412.0873     Gas MW =   26.50000    
  1.050E+01   1.041E+03  0.0049   0.05600  0.2099  0.0981  0.6920  0.3080  0.2160
 Weight Av. Molecular Wt.=   412.2667     Gas MW =   26.50000    
  1.057E+01   1.046E+03  0.0060   0.04795  0.2164  0.0994  0.6842  0.3158  0.2238
 Weight Av. Molecular Wt.=   412.4944     Gas MW =   26.50000    
  1.064E+01   1.051E+03  0.0075   0.04074  0.2224  0.1006  0.6769  0.3231  0.2301
 Weight Av. Molecular Wt.=   412.7800     Gas MW =   26.50000    
  1.071E+01   1.056E+03  0.0091   0.03433  0.2281  0.1018  0.6701  0.3299  0.2350
 Weight Av. Molecular Wt.=   413.1327     Gas MW =   26.50000    
  1.078E+01   1.061E+03  0.0111   0.02869  0.2334  0.1029  0.6636  0.3364  0.2385
 Weight Av. Molecular Wt.=   413.5601     Gas MW =   26.50000    
  1.085E+01   1.065E+03  0.0134   0.02377  0.2383  0.1041  0.6576  0.3424  0.2405
 Weight Av. Molecular Wt.=   414.0632     Gas MW =   26.50000    
  1.092E+01   1.070E+03  0.0160   0.01953  0.2429  0.1052  0.6519  0.3481  0.2410
 Weight Av. Molecular Wt.=   414.6783     Gas MW =   26.50000    
  1.099E+01   1.075E+03  0.0191   0.01590  0.2471  0.1064  0.6465  0.3535  0.2402
 Weight Av. Molecular Wt.=   415.3644     Gas MW =   26.50000    
  1.106E+01   1.080E+03  0.0225   0.01284  0.2510  0.1076  0.6414  0.3586  0.2380
 Weight Av. Molecular Wt.=   416.1094     Gas MW =   26.50000    
  1.113E+01   1.085E+03  0.0264   0.01027  0.2546  0.1088  0.6366  0.3634  0.2346
 Weight Av. Molecular Wt.=   416.9019     Gas MW =   26.50000    
  1.119E+01   1.089E+03  0.0309   0.00814  0.2578  0.1101  0.6320  0.3680  0.2299
 Weight Av. Molecular Wt.=   417.7165     Gas MW =   26.50000    
  1.126E+01   1.094E+03  0.0358   0.00639  0.2608  0.1115  0.6277  0.3723  0.2241
 Weight Av. Molecular Wt.=   418.5309     Gas MW =   26.50000    
  1.133E+01   1.099E+03  0.0413   0.00497  0.2635  0.1130  0.6235  0.3765  0.2174
 at time=  1.1401732E-02  dt changed to   1.3805967E-04
 Weight Av. Molecular Wt.=   420.1630     Gas MW =   26.50000    
  1.140E+01   1.104E+03  0.0534   0.00269  0.2681  0.1164  0.6155  0.3845  0.2021
 at time=  1.1539791E-02  dt changed to   2.7611933E-04
 Weight Av. Molecular Wt.=   421.4491     Gas MW =   26.50000    
  1.154E+01   1.113E+03  0.0824   0.00060  0.2741  0.1236  0.6023  0.3977  0.1671
 at time=  1.1815910E-02  dt changed to   5.5223866E-04
 Weight Av. Molecular Wt.=   433.2289     Gas MW =   26.50000    
  1.182E+01   1.132E+03  0.1612   0.00000  0.2815  0.1394  0.5791  0.4209  0.0809
 Weight Av. Molecular Wt.=   433.2289     Gas MW =   26.50000    
  1.237E+01   1.171E+03  0.2421   0.00000  0.2815  0.1712  0.5472  0.4528  0.0000
 Weight Av. Molecular Wt.=   433.2289     Gas MW =   26.50000    
  1.337E+01   1.240E+03  0.2421   0.00000  0.2815  0.2075  0.5110  0.4890  0.0000
 Weight Av. Molecular Wt.=   433.2289     Gas MW =   26.50000    
  1.437E+01   1.309E+03  0.2421   0.00000  0.2815  0.2398  0.4787  0.5213  0.0000
 Weight Av. Molecular Wt.=   433.2289     Gas MW =   26.50000    
  1.537E+01   1.379E+03  0.2421   0.00000  0.2815  0.2575  0.4610  0.5390  0.0000
 Weight Av. Molecular Wt.=   433.2289     Gas MW =   26.50000    
  1.637E+01   1.448E+03  0.2421   0.00000  0.2815  0.2674  0.4510  0.5490  0.0000
 Weight Av. Molecular Wt.=   433.2289     Gas MW =   26.50000    
  1.737E+01   1.517E+03  0.2421   0.00000  0.2815  0.2709  0.4476  0.5524  0.0000
 Weight Av. Molecular Wt.=   433.2289     Gas MW =   26.50000    
  1.837E+01   1.587E+03  0.2421   0.00000  0.2815  0.2723  0.4461  0.5539  0.0000
 Weight Av. Molecular Wt.=   433.2289     Gas MW =   26.50000    
  1.937E+01   1.656E+03  0.2421   0.00000  0.2815  0.2726  0.4459  0.5541  0.0000
 Weight Av. Molecular Wt.=   433.2289     Gas MW =   26.50000    
  2.037E+01   1.700E+03  0.2421   0.00000  0.2815  0.2727  0.4458  0.5542  0.0000
 Weight Av. Molecular Wt.=   433.2289     Gas MW =   26.50000    
  2.137E+01   1.700E+03  0.2421   0.00000  0.2815  0.2727  0.4458  0.5542  0.0000
 Weight Av. Molecular Wt.=   433.2289     Gas MW =   26.50000    
  2.237E+01   1.700E+03  0.2421   0.00000  0.2815  0.2727  0.4458  0.5542  0.0000
 Weight Av. Molecular Wt.=   433.2289     Gas MW =   26.50000    
  2.337E+01   1.700E+03  0.2421   0.00000  0.2815  0.2727  0.4458  0.5542  0.0000
 Weight Av. Molecular Wt.=   433.2289     Gas MW =   26.50000    
  2.437E+01   1.700E+03  0.2421   0.00000  0.2815  0.2727  0.4458  0.5542  0.0000
 Weight Av. Molecular Wt.=   433.2289     Gas MW =   26.50000    
  2.537E+01   1.700E+03  0.2421   0.00000  0.2815  0.2727  0.4458  0.5542  0.0000
 Weight Av. Molecular Wt.=   433.2289     Gas MW =   26.50000    
  2.637E+01   1.700E+03  0.2421   0.00000  0.2815  0.2727  0.4458  0.5542  0.0000
 Weight Av. Molecular Wt.=   433.2289     Gas MW =   26.50000    
  2.737E+01   1.700E+03  0.2421   0.00000  0.2815  0.2727  0.4458  0.5542  0.0000
  2.837E+01   1.700E+03  0.2421   0.00000  0.2815  0.2727  0.4458  0.5542  0.0000
  2.937E+01   1.700E+03  0.2421   0.00000  0.2815  0.2727  0.4458  0.5542  0.0000
  3.037E+01   1.700E+03  0.2421   0.00000  0.2815  0.2727  0.4458  0.5542  0.0000
  3.137E+01   1.700E+03  0.2421   0.00000  0.2815  0.2727  0.4458  0.5542  0.0000
  3.237E+01   1.700E+03  0.2421   0.00000  0.2815  0.2727  0.4458  0.5542  0.0000
  3.337E+01   1.700E+03  0.2421   0.00000  0.2815  0.2727  0.4458  0.5542  0.0000
  3.437E+01   1.700E+03  0.2421   0.00000  0.2815  0.2727  0.4458  0.5542  0.0000
  3.537E+01   1.700E+03  0.2421   0.00000  0.2815  0.2727  0.4458  0.5542  0.0000
  3.637E+01   1.700E+03  0.2421   0.00000  0.2815  0.2727  0.4458  0.5542  0.0000
  3.737E+01   1.700E+03  0.2421   0.00000  0.2815  0.2727  0.4458  0.5542  0.0000
  3.837E+01   1.700E+03  0.2421   0.00000  0.2815  0.2727  0.4458  0.5542  0.0000
  3.937E+01   1.700E+03  0.2421   0.00000  0.2815  0.2727  0.4458  0.5542  0.0000
  4.037E+01   1.700E+03  0.2421   0.00000  0.2815  0.2727  0.4458  0.5542  0.0000
  4.137E+01   1.700E+03  0.2421   0.00000  0.2815  0.2727  0.4458  0.5542  0.0000
  4.237E+01   1.700E+03  0.2421   0.00000  0.2815  0.2727  0.4458  0.5542  0.0000
  4.337E+01   1.700E+03  0.2421   0.00000  0.2815  0.2727  0.4458  0.5542  0.0000
  4.437E+01   1.700E+03  0.2421   0.00000  0.2815  0.2727  0.4458  0.5542  0.0000
  4.537E+01   1.700E+03  0.2421   0.00000  0.2815  0.2727  0.4458  0.5542  0.0000
  4.637E+01   1.700E+03  0.2421   0.00000  0.2815  0.2727  0.4458  0.5542  0.0000
  4.737E+01   1.700E+03  0.2421   0.00000  0.2815  0.2727  0.4458  0.5542  0.0000
  4.837E+01   1.700E+03  0.2421   0.00000  0.2815  0.2727  0.4458  0.5542  0.0000
  4.937E+01   1.700E+03  0.2421   0.00000  0.2815  0.2727  0.4458  0.5542  0.0000
  5.037E+01   1.700E+03  0.2421   0.00000  0.2815  0.2727  0.4458  0.5542  0.0000
  5.137E+01   1.700E+03  0.2421   0.00000  0.2815  0.2727  0.4458  0.5542  0.0000
  5.237E+01   1.700E+03  0.2421   0.00000  0.2815  0.2727  0.4458  0.5542  0.0000
  5.337E+01   1.700E+03  0.2421   0.00000  0.2815  0.2727  0.4458  0.5542  0.0000
  5.437E+01   1.700E+03  0.2421   0.00000  0.2815  0.2727  0.4458  0.5542  0.0000
  5.537E+01   1.700E+03  0.2421   0.00000  0.2815  0.2727  0.4458  0.5542  0.0000
  5.637E+01   1.700E+03  0.2421   0.00000  0.2815  0.2727  0.4458  0.5542  0.0000
  5.737E+01   1.700E+03  0.2421   0.00000  0.2815  0.2727  0.4458  0.5542  0.0000
  5.837E+01   1.700E+03  0.2421   0.00000  0.2815  0.2727  0.4458  0.5542  0.0000
  5.937E+01   1.700E+03  0.2421   0.00000  0.2815  0.2727  0.4458  0.5542  0.0000
 REACHED END OF GAS TEMPERATURE CORRELATION
  5.937E+01   1.700E+03  0.2421   0.00000  0.2815  0.2727  0.4458  0.5542  0.0000
