\BOOKMARK [0][-]{chapter.1}{The CPD specific Classes}{}
\BOOKMARK [1][-]{section.1.1}{The Class writing the CPD instruction File and launching CPD}{chapter.1}
\BOOKMARK [1][-]{section.1.2}{The Class making the Species and the Energy Balance}{chapter.1}
\BOOKMARK [1][-]{section.1.3}{The Reading Class containg the CPD specific output information}{chapter.1}
\BOOKMARK [0][-]{chapter.2}{The FG-DVC specific Classes}{}
\BOOKMARK [1][-]{section.2.1}{The Class writing the FG-DVC instruction file and launches FG-DVC}{chapter.2}
\BOOKMARK [1][-]{section.2.2}{The Class making the Species and the Energy Balance}{chapter.2}
\BOOKMARK [1][-]{section.2.3}{The Reading Class containg the CPD specific output information}{chapter.2}
\BOOKMARK [0][-]{chapter.3}{The Fitting Classes}{}
\BOOKMARK [1][-]{section.3.1}{The General Fitting Support Class}{chapter.3}
\BOOKMARK [1][-]{section.3.2}{A simple two point estimator for constant rate}{chapter.3}
\BOOKMARK [1][-]{section.3.3}{The Least Square Optimization Class}{chapter.3}
\BOOKMARK [1][-]{section.3.4}{The Global Optimizer Class}{chapter.3}
\BOOKMARK [1][-]{section.3.5}{The Evolution algorithm Class}{chapter.3}
\BOOKMARK [1][-]{section.3.6}{The Model parent Class}{chapter.3}
\BOOKMARK [1][-]{section.3.7}{The Model children Classes}{chapter.3}
\BOOKMARK [0][-]{chapter.4}{The Input- Output Classes}{}
\BOOKMARK [1][-]{section.4.1}{The General User Input File Class}{chapter.4}
\BOOKMARK [1][-]{section.4.2}{The Class writing the FG-DVC Coal Generator Input File}{chapter.4}
\BOOKMARK [1][-]{section.4.3}{The Class reading the Operating Condition Input File}{chapter.4}
\BOOKMARK [0][-]{chapter.5}{The GUI Classes}{}
\BOOKMARK [1][-]{section.5.1}{The Main Window}{chapter.5}
\BOOKMARK [1][-]{section.5.2}{The Class Saving the information from the GUI}{chapter.5}
\BOOKMARK [1][-]{section.5.3}{The Classes writing the Info Files}{chapter.5}
\BOOKMARK [0][-]{chapter.6}{The Main Class}{}
\BOOKMARK [0][-]{section*.207}{Index}{}
