    Time       Temperature    Yields       Rates 
1.000000e-04  3.199000e+02 0.000000e+00 5.045588e-35 
3.000000e-04  3.338000e+02 1.009118e-38 1.519756e-34 
7.000000e-04  3.615000e+02 9.118533e-38 4.057753e-34 
1.500000e-03  4.170000e+02 4.970216e-37 7.610953e-34 
2.500000e-03  4.864000e+02 1.461157e-36 9.684620e-22 
3.500000e-03  5.557000e+02 1.936924e-24 1.188913e-20 
4.500000e-03  6.251000e+02 2.377827e-23 3.398352e-20 
5.500000e-03  6.944000e+02 6.990396e-23 -1.821736e-12 
6.500000e-03  7.638000e+02 -3.643471e-15 -1.665151e-13 
7.500000e-03  8.331000e+02 -3.330302e-16 3.310441e-12 
7.874000e-03  8.591000e+02 9.050748e-16 3.310441e-12 
8.027000e-03  8.697000e+02 1.411572e-15 3.310441e-12 
8.181000e-03  8.803000e+02 1.921380e-15 3.310441e-12 
8.334000e-03  8.910000e+02 2.427878e-15 3.310441e-12 
8.487000e-03  9.016000e+02 2.934375e-15 3.310441e-12 
8.641000e-03  9.122000e+02 3.444183e-15 3.310441e-12 
8.710000e-03  9.170000e+02 3.672604e-15 3.310441e-12 
8.779000e-03  9.218000e+02 3.901024e-15 3.310441e-12 
8.848000e-03  9.266000e+02 4.129444e-15 3.310441e-12 
8.917000e-03  9.314000e+02 4.357865e-15 3.310441e-12 
8.986000e-03  9.362000e+02 4.586285e-15 3.310441e-12 
9.055000e-03  9.409000e+02 4.814706e-15 8.944705e-09 
9.124000e-03  9.457000e+02 1.238956e-12 3.531036e-08 
9.193000e-03  9.505000e+02 4.877644e-12 5.273461e-08 
9.262000e-03  9.553000e+02 8.516332e-12 5.273461e-08 
9.331000e-03  9.601000e+02 1.215502e-11 5.273461e-08 
9.400000e-03  9.649000e+02 1.579371e-11 5.273461e-08 
9.469000e-03  9.697000e+02 1.943240e-11 5.273461e-08 
9.538000e-03  9.745000e+02 2.307109e-11 5.273461e-08 
9.607000e-03  9.792000e+02 2.670977e-11 5.273461e-08 
9.676000e-03  9.840000e+02 3.034846e-11 5.273461e-08 
9.745000e-03  9.888000e+02 3.398715e-11 5.273461e-08 
9.814000e-03  9.936000e+02 3.762584e-11 5.273461e-08 
9.883000e-03  9.984000e+02 4.126453e-11 5.273461e-08 
9.952000e-03  1.003000e+03 4.490322e-11 5.273461e-08 
1.002000e-02  1.008000e+03 4.848917e-11 5.273461e-08 
1.009000e-02  1.013000e+03 5.218059e-11 5.273461e-08 
1.016000e-02  1.018000e+03 5.587202e-11 5.273461e-08 
1.023000e-02  1.022000e+03 5.956344e-11 5.273461e-08 
1.030000e-02  1.027000e+03 6.325486e-11 5.273461e-08 
1.037000e-02  1.032000e+03 6.694629e-11 5.273461e-08 
1.044000e-02  1.037000e+03 7.063771e-11 5.273461e-08 
1.050000e-02  1.041000e+03 7.380178e-11 5.273461e-08 
1.057000e-02  1.046000e+03 7.749321e-11 5.273461e-08 
1.064000e-02  1.051000e+03 8.118463e-11 5.273461e-08 
1.071000e-02  1.056000e+03 8.487605e-11 5.273461e-08 
1.078000e-02  1.061000e+03 8.856748e-11 5.273461e-08 
1.085000e-02  1.065000e+03 9.225890e-11 5.273461e-08 
1.092000e-02  1.070000e+03 9.595032e-11 5.273461e-08 
1.099000e-02  1.075000e+03 9.964175e-11 5.273461e-08 
1.106000e-02  1.080000e+03 1.033332e-10 5.273461e-08 
1.113000e-02  1.085000e+03 1.070246e-10 5.273461e-08 
1.119000e-02  1.089000e+03 1.101887e-10 5.273461e-08 
1.126000e-02  1.094000e+03 1.138801e-10 5.273461e-08 
1.133000e-02  1.099000e+03 1.175715e-10 5.273461e-08 
1.140000e-02  1.104000e+03 1.212629e-10 5.273461e-08 
1.154000e-02  1.113000e+03 1.286458e-10 3.103436e-07 
1.182000e-02  1.132000e+03 2.516072e-10 2.278998e-06 
1.237000e-02  1.171000e+03 2.020214e-09 4.218559e-06 
1.337000e-02  1.240000e+03 6.790373e-09 2.905671e-05 
1.437000e-02  1.309000e+03 6.013364e-08 2.790650e-04 
1.537000e-02  1.379000e+03 5.649204e-07 2.285282e-03 
1.637000e-02  1.448000e+03 4.630697e-06 1.575743e-02 
1.737000e-02  1.517000e+03 3.207978e-05 9.398256e-02 
1.837000e-02  1.587000e+03 1.925958e-04 4.826168e-01 
1.937000e-02  1.656000e+03 9.973134e-04 1.693941e+00 
2.037000e-02  1.700000e+03 3.580477e-03 3.251924e+00 
2.137000e-02  1.700000e+03 7.501161e-03 3.906721e+00 
2.237000e-02  1.700000e+03 1.139392e-02 3.878891e+00 
2.337000e-02  1.700000e+03 1.525894e-02 3.851252e+00 
2.437000e-02  1.700000e+03 1.909642e-02 3.823811e+00 
2.537000e-02  1.700000e+03 2.290656e-02 3.796566e+00 
2.637000e-02  1.700000e+03 2.668956e-02 3.769514e+00 
2.737000e-02  1.700000e+03 3.044559e-02 3.742656e+00 
2.837000e-02  1.700000e+03 3.417487e-02 3.715988e+00 
2.937000e-02  1.700000e+03 3.787757e-02 3.689511e+00 
3.037000e-02  1.700000e+03 4.155389e-02 3.663222e+00 
3.137000e-02  1.700000e+03 4.520401e-02 3.637121e+00 
3.237000e-02  1.700000e+03 4.882813e-02 3.611206e+00 
3.337000e-02  1.700000e+03 5.242643e-02 3.585475e+00 
3.437000e-02  1.700000e+03 5.599908e-02 3.559927e+00 
3.537000e-02  1.700000e+03 5.954628e-02 3.534562e+00 
3.637000e-02  1.700000e+03 6.306821e-02 3.509377e+00 
3.737000e-02  1.700000e+03 6.656503e-02 3.484372e+00 
3.837000e-02  1.700000e+03 7.003695e-02 3.459545e+00 
3.937000e-02  1.700000e+03 7.348412e-02 3.434895e+00 
4.037000e-02  1.700000e+03 7.690674e-02 3.410420e+00 
4.137000e-02  1.700000e+03 8.030496e-02 3.386120e+00 
4.237000e-02  1.700000e+03 8.367898e-02 3.361993e+00 
4.337000e-02  1.700000e+03 8.702895e-02 3.338038e+00 
4.437000e-02  1.700000e+03 9.035506e-02 3.314254e+00 
4.537000e-02  1.700000e+03 9.365746e-02 3.290639e+00 
4.637000e-02  1.700000e+03 9.693633e-02 3.267192e+00 
4.737000e-02  1.700000e+03 1.001918e-01 3.243913e+00 
4.837000e-02  1.700000e+03 1.034242e-01 3.220799e+00 
4.937000e-02  1.700000e+03 1.066334e-01 3.197850e+00 
5.037000e-02  1.700000e+03 1.098199e-01 3.175065e+00 
5.137000e-02  1.700000e+03 1.129836e-01 3.152442e+00 
5.237000e-02  1.700000e+03 1.161247e-01 3.129980e+00 
5.337000e-02  1.700000e+03 1.192435e-01 3.107678e+00 
5.437000e-02  1.700000e+03 1.223401e-01 3.085535e+00 
5.537000e-02  1.700000e+03 1.254146e-01 3.063550e+00 
5.637000e-02  1.700000e+03 1.284672e-01 3.041721e+00 
5.737000e-02  1.700000e+03 1.314980e-01 3.020048e+00 
5.837000e-02  1.700000e+03 1.345073e-01 2.998530e+00 
5.937000e-02  1.700000e+03 1.374951e-01 2.977164e+00 
6.037000e-02  1.700000e+03 1.404616e-01 2.955951e+00 
6.137000e-02  1.700000e+03 1.434070e-01 2.934889e+00 
6.237000e-02  1.700000e+03 1.463314e-01 2.913978e+00 
6.337000e-02  1.700000e+03 1.492350e-01 2.893215e+00 
6.437000e-02  1.700000e+03 1.521178e-01 2.872600e+00 
6.537000e-02  1.700000e+03 1.549802e-01 2.852132e+00 
6.637000e-02  1.700000e+03 1.578221e-01 2.831810e+00 
6.737000e-02  1.700000e+03 1.606438e-01 2.811632e+00 
6.837000e-02  1.700000e+03 1.634454e-01 2.791599e+00 
6.937000e-02  1.700000e+03 1.662270e-01 2.771708e+00 
7.037000e-02  1.700000e+03 1.689888e-01 2.751959e+00 
7.137000e-02  1.700000e+03 1.717309e-01 2.732351e+00 
7.237000e-02  1.700000e+03 1.744535e-01 2.712882e+00 
7.337000e-02  1.700000e+03 1.771567e-01 2.693552e+00 
7.437000e-02  1.700000e+03 1.798406e-01 2.683921e+00 
